2001.01.05 18:00 B X:\stasi\htdocs\ma\index.phtml --> wimp.forkberlin.de /home/schmidt/www/stasi/ma index.phtml
2001.01.05 18:02 B X:\stasi\htdocs\ma\index.phtml --> wimp.forkberlin.de /home/schmidt/htdocs index.phtml
2001.01.05 18:09 B X:\stasi\htdocs\ma\index.phtml --> wimp.forkberlin.de /home/schmidt/public_html/ma index.phtml
2001.01.05 18:09 B X:\stasi\htdocs\ma\WS_FTP.LOG --> wimp.forkberlin.de /home/schmidt/public_html/ma WS_FTP.LOG
2001.01.05 18:13 B X:\stasi\htdocs\ma\index.phtml --> unstablemedia.com /home/schmidt/www/stasi/ma index.phtml
2001.01.05 18:13 B X:\stasi\htdocs\ma\WS_FTP.LOG --> unstablemedia.com /home/schmidt/www/stasi/ma WS_FTP.LOG
2001.01.08 11:44 B X:\stasi\htdocs\ma\index.phtml --> unstablemedia.com /home/schmidt/www/stasi/ma index.phtml
2001.01.08 11:45 B X:\stasi\htdocs\ma\index.phtml <-- 4rk /home/schmidt/www/stasi/ma index.phtml
2001.01.08 11:46 B X:\stasi\htdocs\ma\index.phtml --> unstablemedia.com /home/schmidt/www/stasi/ma index.phtml
2001.01.08 11:54 B X:\stasi\htdocs\ma\index.phtml --> unstablemedia.com /home/schmidt/www/stasi/ma index.phtml
2001.01.08 11:54 B X:\stasi\htdocs\ma\index.phtml --> unstablemedia.com /home/schmidt/www/stasi/ma index.phtml
2001.01.08 11:56 B X:\stasi\htdocs\ma\index.phtml --> unstablemedia.com /home/schmidt/www/stasi/ma index.phtml
2001.01.08 11:58 B X:\stasi\htdocs\ma\index.phtml --> unstablemedia.com /home/schmidt/www/stasi/js index.phtml
2001.01.08 11:58 B X:\stasi\htdocs\ma\index.phtml --> unstablemedia.com /home/schmidt/www/stasi/ma index.phtml
2001.01.08 12:07 B X:\stasi\htdocs\ma\index.phtml --> unstablemedia.com /home/schmidt/www/stasi/ma index.phtml
2001.01.08 12:21 B X:\stasi\htdocs\ma\index.phtml --> unstablemedia.com /home/schmidt/www/stasi/ma index.phtml
2001.01.08 12:21 B X:\stasi\htdocs\ma\index.phtml --> unstablemedia.com /home/schmidt/www/stasi/ma index.phtml
2001.01.08 17:23 B X:\stasi\htdocs\ma\index.phtml --> unstablemedia.com /home/schmidt/www/stasi/ma index.phtml
2001.01.08 17:24 B X:\stasi\htdocs\ma\index.phtml --> unstablemedia.com /home/schmidt/www/lib index.phtml
2001.01.08 17:24 B X:\stasi\htdocs\ma\index.phtml --> unstablemedia.com /home/schmidt/www/stasi/ma index.phtml
2001.01.08 17:33 B X:\stasi\htdocs\ma\index.phtml --> unstablemedia.com /home/schmidt/www/stasi/ma index.phtml
2001.01.08 17:34 B X:\stasi\htdocs\ma\index.phtml --> unstablemedia.com /home/schmidt/www/stasi/ma index.phtml
2001.01.08 17:47 B X:\stasi\htdocs\ma\index.phtml --> unstablemedia.com /home/schmidt/www/stasi/ma index.phtml
2001.01.08 17:48 B X:\stasi\htdocs\ma\index.phtml --> unstablemedia.com /home/schmidt/www/stasi/ma index.phtml
2001.01.10 11:18 A X:\stasi\htdocs\ma\index.phtml <-- 4rk /home/schmidt/www/stasi/ma index.phtml
2001.01.10 18:42 A x:\stasi\htdocs\ma\index.phtml --> unstablemedia.com /home/schmidt/www/stasi/ma index.phtml
2001.01.10 18:42 A x:\stasi\htdocs\ma\WS_FTP.LOG --> unstablemedia.com /home/schmidt/www/stasi/ma WS_FTP.LOG
2001.01.11 14:29 B x:\stasi\htdocs\ma\index.phtml --> unstablemedia.com /home/schmidt/www/stasi/ma index.phtml
2001.01.11 14:30 B x:\stasi\htdocs\ma\index.phtml --> unstablemedia.com /home/schmidt/www/stasi/ma index.phtml
2001.01.11 15:53 B x:\stasi\htdocs\ma\index.phtml --> unstablemedia.com /home/schmidt/www/stasi/ma index.phtml
2001.01.11 16:45 B x:\stasi\htdocs\ma\index.phtml --> unstablemedia.com /home/schmidt/www/stasi/ma index.phtml
2001.01.15 14:03 B x:\stasi\htdocs\ma\index.phtml --> unstablemedia.com /home/schmidt/www/stasi/ma index.phtml
2001.01.16 11:14 B x:\stasi\htdocs\ma\index.phtml --> unstablemedia.com /home/schmidt/www/stasi/ma index.phtml
2001.01.22 18:40 B x:\stasi\htdocs\ma\index.phtml --> unstablemedia.com /home/schmidt/www/stasi/ma index.phtml
2001.01.22 19:08 B x:\stasi\htdocs\ma\index.phtml --> unstablemedia.com /home/schmidt/www/stasi/ma index.phtml
2001.01.24 14:43 B x:\stasi\htdocs\ma\index.phtml --> unstablemedia.com /home/schmidt/www/stasi/ma index.phtml
2001.01.24 14:56 B x:\stasi\htdocs\ma\index.phtml --> unstablemedia.com /home/schmidt/www/stasi/ma index.phtml
2001.01.24 18:20 B x:\stasi\htdocs\ma\index.phtml --> unstablemedia.com /home/schmidt/www/stasi/ma index.phtml
2001.01.25 18:43 B x:\stasi\htdocs\ma\index.phtml --> unstablemedia.com /home/schmidt/www/stasi/ma index.phtml
