2001.01.05 17:59 B X:\stasi\htdocs\js\submit.js --> wimp.forkberlin.de /home/schmidt/www/stasi/js submit.js
2001.01.05 18:09 B X:\stasi\htdocs\js\submit.js --> wimp.forkberlin.de /home/schmidt/public_html/js submit.js
2001.01.05 18:09 B X:\stasi\htdocs\js\WS_FTP.LOG --> wimp.forkberlin.de /home/schmidt/public_html/js WS_FTP.LOG
2001.01.05 18:13 B X:\stasi\htdocs\js\submit.js --> unstablemedia.com /home/schmidt/www/stasi/js submit.js
2001.01.05 18:13 B X:\stasi\htdocs\js\WS_FTP.LOG --> unstablemedia.com /home/schmidt/www/stasi/js WS_FTP.LOG
2001.01.08 12:14 B X:\stasi\htdocs\js\submit.js --> unstablemedia.com /home/schmidt/www/stasi/js submit.js
2001.01.08 12:14 B X:\stasi\htdocs\js\submit.js --> unstablemedia.com /home/schmidt/www/stasi/js submit.js
2001.01.08 12:18 B X:\stasi\htdocs\js\submit.js --> unstablemedia.com /home/schmidt/www/stasi/js submit.js
2001.01.08 12:25 B X:\stasi\htdocs\js\submit.js --> unstablemedia.com /home/schmidt/www/stasi/js submit.js
2001.01.08 12:27 B X:\stasi\htdocs\js\submit.js --> unstablemedia.com /home/schmidt/www/stasi/js submit.js
2001.01.08 17:35 B X:\stasi\htdocs\js\submit.js --> unstablemedia.com /home/schmidt/www/stasi/js submit.js
2001.01.22 14:36 B x:\stasi\htdocs\js\submit.js --> unstablemedia.com /home/schmidt/www/stasi/js submit.js
2001.01.22 14:56 B x:\stasi\htdocs\js\submit.js --> unstablemedia.com /home/schmidt/www/stasi/js submit.js
2001.01.22 14:57 B x:\stasi\htdocs\js\submit.js --> unstablemedia.com /home/schmidt/www/stasi/js submit.js
2001.01.22 18:46 B x:\stasi\htdocs\js\submit.js --> unstablemedia.com /home/schmidt/www/stasi/js submit.js
2001.01.22 18:48 B x:\stasi\htdocs\js\submit.js --> unstablemedia.com /home/schmidt/www/stasi/js submit.js
2001.01.24 14:43 B x:\stasi\htdocs\js\submit.js --> unstablemedia.com /home/schmidt/www/stasi/js submit.js
2001.01.24 14:56 B x:\stasi\htdocs\js\submit.js --> unstablemedia.com /home/schmidt/www/stasi/js submit.js
2001.01.30 13:21 B x:\stasi\htdocs\js\submit.js.bak <-- 4rk /home/schmidt/www/stasi/js submit.js.bak
2001.01.30 13:21 B x:\stasi\htdocs\js\submit.js --> unstablemedia.com /home/schmidt/www/stasi/js submit.js
2001.02.06 13:05 B x:\stasi\htdocs\js\submit.js --> unstablemedia.com /home/schmidt/www/stasi/js submit.js
2001.02.14 18:05 B x:\stasi\htdocs\js\submit_edit_arbeit.js --> unstablemedia.com /home/schmidt/www/stasi/js submit_edit_arbeit.js
2001.02.14 18:05 B x:\stasi\htdocs\js\submit.js --> unstablemedia.com /home/schmidt/www/stasi/js submit.js
