2001.02.06 13:04 B x:\stasi\php_include\auswertung\auswertung.inc --> unstablemedia.com /home/schmidt/www/lib/auswertung auswertung.inc
2001.02.06 13:04 B x:\stasi\php_include\auswertung\lib.inc --> unstablemedia.com /home/schmidt/www/lib/auswertung lib.inc
2001.02.06 13:04 B x:\stasi\php_include\auswertung\projekt.inc --> unstablemedia.com /home/schmidt/www/lib/auswertung projekt.inc
2001.02.06 13:04 B x:\stasi\php_include\auswertung\projekt_ma.inc --> unstablemedia.com /home/schmidt/www/lib/auswertung projekt_ma.inc
2001.02.06 13:04 B x:\stasi\php_include\auswertung\projekt_ma_schritt.inc --> unstablemedia.com /home/schmidt/www/lib/auswertung projekt_ma_schritt.inc
2001.02.06 13:04 B x:\stasi\php_include\auswertung\projekt_schritt.inc --> unstablemedia.com /home/schmidt/www/lib/auswertung projekt_schritt.inc
2001.02.06 13:04 B x:\stasi\php_include\auswertung\projekt_schritt_ma.inc --> unstablemedia.com /home/schmidt/www/lib/auswertung projekt_schritt_ma.inc
2001.02.06 13:04 B x:\stasi\php_include\auswertung\time_form.inc --> unstablemedia.com /home/schmidt/www/lib/auswertung time_form.inc
2001.02.06 13:18 B x:\stasi\php_include\auswertung\auswertung.inc --> unstablemedia.com /home/schmidt/www/lib/auswertung auswertung.inc
2001.02.06 13:20 B x:\stasi\php_include\auswertung\projekt_ma.inc --> unstablemedia.com /home/schmidt/www/lib/auswertung projekt_ma.inc
2001.02.06 13:20 B x:\stasi\php_include\auswertung\projekt_ma_schritt.inc --> unstablemedia.com /home/schmidt/www/lib/auswertung projekt_ma_schritt.inc
2001.02.06 13:28 B x:\stasi\php_include\auswertung\auswertung.inc --> unstablemedia.com /home/schmidt/www/lib/auswertung auswertung.inc
2001.02.06 13:28 B x:\stasi\php_include\auswertung\projekt.inc --> unstablemedia.com /home/schmidt/www/lib/auswertung projekt.inc
2001.02.06 13:28 B x:\stasi\php_include\auswertung\auswertung.inc --> unstablemedia.com /home/schmidt/www/lib/auswertung auswertung.inc
2001.02.06 13:29 B x:\stasi\php_include\auswertung\projekt_schritt.inc --> unstablemedia.com /home/schmidt/www/lib/auswertung projekt_schritt.inc
2001.02.06 13:39 B x:\stasi\php_include\auswertung\projekt_ma_schritt.inc --> unstablemedia.com /home/schmidt/www/lib/auswertung projekt_ma_schritt.inc
2001.02.06 14:31 B x:\stasi\php_include\auswertung\projekt_ma_schritt.inc --> unstablemedia.com /home/schmidt/www/lib/auswertung projekt_ma_schritt.inc
2001.02.06 14:39 B x:\stasi\php_include\auswertung\projekt_ma_schritt.inc --> unstablemedia.com /home/schmidt/www/lib/auswertung projekt_ma_schritt.inc
2001.02.06 14:39 B x:\stasi\php_include\auswertung\projekt_schritt_ma.inc --> unstablemedia.com /home/schmidt/www/lib/auswertung projekt_schritt_ma.inc
2001.02.06 19:01 B x:\stasi\php_include\auswertung\lib.inc --> unstablemedia.com /home/schmidt/www/lib/auswertung lib.inc
2001.02.06 19:20 B x:\stasi\php_include\auswertung\projekt_ma.inc --> unstablemedia.com /home/schmidt/www/lib/auswertung projekt_ma.inc
2001.02.06 19:20 B x:\stasi\php_include\auswertung\projekt_schritt_ma.inc --> unstablemedia.com /home/schmidt/www/lib/auswertung projekt_schritt_ma.inc
2001.02.06 19:31 B x:\stasi\php_include\auswertung\projekt_ma.inc --> unstablemedia.com /home/schmidt/www/lib/auswertung projekt_ma.inc
2001.02.06 19:31 B x:\stasi\php_include\auswertung\auswertung.inc --> unstablemedia.com /home/schmidt/www/lib/auswertung auswertung.inc
2001.02.06 19:31 B x:\stasi\php_include\auswertung\projekt_ma.inc --> unstablemedia.com /home/schmidt/www/lib/auswertung projekt_ma.inc
2001.02.07 17:35 B x:\stasi\php_include\auswertung\auswertung.inc --> unstablemedia.com /home/schmidt/www/lib/auswertung auswertung.inc
2001.02.07 17:35 B x:\stasi\php_include\auswertung\lib.inc --> unstablemedia.com /home/schmidt/www/lib/auswertung lib.inc
2001.02.07 17:35 B x:\stasi\php_include\auswertung\projekt.inc --> unstablemedia.com /home/schmidt/www/lib/auswertung projekt.inc
2001.02.07 17:35 B x:\stasi\php_include\auswertung\projekt_ma.inc --> unstablemedia.com /home/schmidt/www/lib/auswertung projekt_ma.inc
2001.02.07 17:35 B x:\stasi\php_include\auswertung\projekt_ma_schritt.inc --> unstablemedia.com /home/schmidt/www/lib/auswertung projekt_ma_schritt.inc
2001.02.07 17:35 B x:\stasi\php_include\auswertung\projekt_schritt.inc --> unstablemedia.com /home/schmidt/www/lib/auswertung projekt_schritt.inc
2001.02.07 17:35 B x:\stasi\php_include\auswertung\time_form.inc --> unstablemedia.com /home/schmidt/www/lib/auswertung time_form.inc
2001.02.07 17:35 B x:\stasi\php_include\auswertung\WS_FTP.LOG --> unstablemedia.com /home/schmidt/www/lib/auswertung WS_FTP.LOG
2001.02.09 13:12 B x:\stasi\php_include\auswertung\lib.inc --> unstablemedia.com /home/schmidt/www/lib/auswertung lib.inc
2001.02.09 13:12 B x:\stasi\php_include\auswertung\schritt_detail.inc --> unstablemedia.com /home/schmidt/www/lib/auswertung schritt_detail.inc
2001.02.09 13:12 B x:\stasi\php_include\auswertung\WS_FTP.LOG --> unstablemedia.com /home/schmidt/www/lib/auswertung WS_FTP.LOG
2001.02.09 14:28 B x:\stasi\php_include\auswertung\schritt_detail.inc --> unstablemedia.com /home/schmidt/www/lib/auswertung schritt_detail.inc
2001.02.12 16:58 B x:\stasi\php_include\auswertung\time_form.inc --> unstablemedia.com /home/schmidt/www/lib/auswertung time_form.inc
2001.02.12 16:59 B x:\stasi\php_include\auswertung\time_form.inc --> unstablemedia.com /home/schmidt/www/lib/auswertung time_form.inc
2001.02.13 15:11 B x:\stasi\php_include\auswertung\time_form.inc <-- 4rk /home/schmidt/www/lib/auswertung time_form.inc
2001.02.13 17:16 B x:\stasi\php_include\auswertung\time_form.inc --> unstablemedia.com /home/schmidt/www/lib/auswertung time_form.inc
2001.02.14 18:05 B x:\stasi\php_include\auswertung\stunden.inc --> unstablemedia.com /home/schmidt/www/lib/auswertung stunden.inc
2001.02.14 18:05 B x:\stasi\php_include\auswertung\auswertung.inc --> unstablemedia.com /home/schmidt/www/lib/auswertung auswertung.inc
2001.02.15 14:42 B x:\stasi\php_include\auswertung\projekt.inc --> unstablemedia.com /home/schmidt/www/lib/auswertung projekt.inc
2001.02.15 14:49 B x:\stasi\php_include\auswertung\projekt_ma.inc --> unstablemedia.com /home/schmidt/www/lib/auswertung projekt_ma.inc
2001.02.15 14:49 B x:\stasi\php_include\auswertung\projekt_ma_schritt.inc --> unstablemedia.com /home/schmidt/www/lib/auswertung projekt_ma_schritt.inc
2001.02.15 14:49 B x:\stasi\php_include\auswertung\projekt_schritt.inc --> unstablemedia.com /home/schmidt/www/lib/auswertung projekt_schritt.inc
2001.02.15 14:49 B x:\stasi\php_include\auswertung\projekt_schritt_ma.inc --> unstablemedia.com /home/schmidt/www/lib/auswertung projekt_schritt_ma.inc
2001.02.19 12:26 B x:\stasi\php_include\auswertung\auswertung.inc --> unstablemedia.com /home/schmidt/www/lib/auswertung auswertung.inc
2001.02.19 12:26 B x:\stasi\php_include\auswertung\lib.inc --> unstablemedia.com /home/schmidt/www/lib/auswertung lib.inc
2001.02.19 12:26 B x:\stasi\php_include\auswertung\projekt.inc --> unstablemedia.com /home/schmidt/www/lib/auswertung projekt.inc
2001.02.19 12:26 B x:\stasi\php_include\auswertung\projekt_ma.inc --> unstablemedia.com /home/schmidt/www/lib/auswertung projekt_ma.inc
2001.02.19 12:26 B x:\stasi\php_include\auswertung\projekt_ma_schritt.inc --> unstablemedia.com /home/schmidt/www/lib/auswertung projekt_ma_schritt.inc
2001.02.19 12:26 B x:\stasi\php_include\auswertung\projekt_schritt.inc --> unstablemedia.com /home/schmidt/www/lib/auswertung projekt_schritt.inc
2001.02.19 12:26 B x:\stasi\php_include\auswertung\projekt_schritt_ma.inc --> unstablemedia.com /home/schmidt/www/lib/auswertung projekt_schritt_ma.inc
2001.02.19 12:26 B x:\stasi\php_include\auswertung\stunden.inc --> unstablemedia.com /home/schmidt/www/lib/auswertung stunden.inc
2001.02.19 12:26 B x:\stasi\php_include\auswertung\time_form.inc --> unstablemedia.com /home/schmidt/www/lib/auswertung time_form.inc
2001.02.19 12:26 B x:\stasi\php_include\auswertung\time_form.inc.bak --> unstablemedia.com /home/schmidt/www/lib/auswertung time_form.inc.bak
