2001.02.06 13:04 B x:\stasi\php_include\auswertung\view\v_projekt.inc --> unstablemedia.com /home/schmidt/www/lib/auswertung/view v_projekt.inc
2001.02.06 13:04 B x:\stasi\php_include\auswertung\view\v_projekt_ma.inc --> unstablemedia.com /home/schmidt/www/lib/auswertung/view v_projekt_ma.inc
2001.02.06 13:04 B x:\stasi\php_include\auswertung\view\v_projekt_ma_schritt.inc --> unstablemedia.com /home/schmidt/www/lib/auswertung/view v_projekt_ma_schritt.inc
2001.02.06 13:04 B x:\stasi\php_include\auswertung\view\v_projekt_schritt.inc --> unstablemedia.com /home/schmidt/www/lib/auswertung/view v_projekt_schritt.inc
2001.02.06 13:04 B x:\stasi\php_include\auswertung\view\v_projekt_schritt_ma.inc --> unstablemedia.com /home/schmidt/www/lib/auswertung/view v_projekt_schritt_ma.inc
2001.02.06 13:23 B x:\stasi\php_include\auswertung\view\v_projekt_ma.inc --> unstablemedia.com /home/schmidt/www/lib/auswertung/view v_projekt_ma.inc
2001.02.06 13:32 B x:\stasi\php_include\auswertung\view\v_projekt_ma.inc --> unstablemedia.com /home/schmidt/www/lib/auswertung/view v_projekt_ma.inc
2001.02.06 13:35 B x:\stasi\php_include\auswertung\view\v_projekt_ma.inc --> unstablemedia.com /home/schmidt/www/lib/auswertung/view v_projekt_ma.inc
2001.02.06 13:41 B x:\stasi\php_include\auswertung\view\v_projekt.inc --> unstablemedia.com /home/schmidt/www/lib/auswertung/view v_projekt.inc
2001.02.06 13:41 B x:\stasi\php_include\auswertung\view\v_projekt_ma.inc --> unstablemedia.com /home/schmidt/www/lib/auswertung/view v_projekt_ma.inc
2001.02.06 13:41 B x:\stasi\php_include\auswertung\view\v_projekt_ma_schritt.inc --> unstablemedia.com /home/schmidt/www/lib/auswertung/view v_projekt_ma_schritt.inc
2001.02.06 13:41 B x:\stasi\php_include\auswertung\view\v_projekt_schritt.inc --> unstablemedia.com /home/schmidt/www/lib/auswertung/view v_projekt_schritt.inc
2001.02.06 13:41 B x:\stasi\php_include\auswertung\view\v_projekt_schritt_ma.inc --> unstablemedia.com /home/schmidt/www/lib/auswertung/view v_projekt_schritt_ma.inc
2001.02.06 13:43 B x:\stasi\php_include\auswertung\view\v_projekt.inc --> unstablemedia.com /home/schmidt/www/lib/auswertung/view v_projekt.inc
2001.02.06 13:43 B x:\stasi\php_include\auswertung\view\v_projekt_ma.inc --> unstablemedia.com /home/schmidt/www/lib/auswertung/view v_projekt_ma.inc
2001.02.06 13:43 B x:\stasi\php_include\auswertung\view\v_projekt_ma_schritt.inc --> unstablemedia.com /home/schmidt/www/lib/auswertung/view v_projekt_ma_schritt.inc
2001.02.06 13:43 B x:\stasi\php_include\auswertung\view\v_projekt_schritt.inc --> unstablemedia.com /home/schmidt/www/lib/auswertung/view v_projekt_schritt.inc
2001.02.06 13:43 B x:\stasi\php_include\auswertung\view\v_projekt_schritt_ma.inc --> unstablemedia.com /home/schmidt/www/lib/auswertung/view v_projekt_schritt_ma.inc
2001.02.06 14:31 B x:\stasi\php_include\auswertung\view\v_projekt_ma_schritt.inc --> unstablemedia.com /home/schmidt/www/lib/auswertung/view v_projekt_ma_schritt.inc
2001.02.06 14:34 B x:\stasi\php_include\auswertung\view\v_projekt_ma_schritt.inc --> unstablemedia.com /home/schmidt/www/lib/auswertung/view v_projekt_ma_schritt.inc
2001.02.06 14:35 B x:\stasi\php_include\auswertung\view\v_projekt_ma_schritt.inc --> unstablemedia.com /home/schmidt/www/lib/auswertung/view v_projekt_ma_schritt.inc
2001.02.06 14:36 B x:\stasi\php_include\auswertung\view\v_projekt_ma_schritt.inc --> unstablemedia.com /home/schmidt/www/lib/auswertung/view v_projekt_ma_schritt.inc
2001.02.06 14:39 B x:\stasi\php_include\auswertung\view\v_projekt_schritt_ma.inc --> unstablemedia.com /home/schmidt/www/lib/auswertung/view v_projekt_schritt_ma.inc
2001.02.06 17:21 B x:\stasi\php_include\auswertung\view\v_projekt.inc --> unstablemedia.com /home/schmidt/www/lib/auswertung/view v_projekt.inc
2001.02.06 17:21 B x:\stasi\php_include\auswertung\view\v_projekt_ma.inc --> unstablemedia.com /home/schmidt/www/lib/auswertung/view v_projekt_ma.inc
2001.02.06 17:21 B x:\stasi\php_include\auswertung\view\v_projekt_ma_schritt.inc --> unstablemedia.com /home/schmidt/www/lib/auswertung/view v_projekt_ma_schritt.inc
2001.02.06 17:21 B x:\stasi\php_include\auswertung\view\v_projekt_schritt.inc --> unstablemedia.com /home/schmidt/www/lib/auswertung/view v_projekt_schritt.inc
2001.02.06 17:21 B x:\stasi\php_include\auswertung\view\v_projekt_schritt_ma.inc --> unstablemedia.com /home/schmidt/www/lib/auswertung/view v_projekt_schritt_ma.inc
2001.02.06 19:21 B x:\stasi\php_include\auswertung\view\v_projekt_ma.inc --> unstablemedia.com /home/schmidt/www/lib/auswertung/view v_projekt_ma.inc
2001.02.06 19:21 B x:\stasi\php_include\auswertung\view\v_projekt_schritt_ma.inc --> unstablemedia.com /home/schmidt/www/lib/auswertung/view v_projekt_schritt_ma.inc
2001.02.06 19:36 B x:\stasi\php_include\auswertung\view\v_projekt_ma.inc --> unstablemedia.com /home/schmidt/www/lib/auswertung/view v_projekt_ma.inc
2001.02.06 19:36 B x:\stasi\php_include\auswertung\view\v_projekt_schritt_ma.inc --> unstablemedia.com /home/schmidt/www/lib/auswertung/view v_projekt_schritt_ma.inc
2001.02.07 17:35 B x:\stasi\php_include\auswertung\view\v_projekt.inc --> unstablemedia.com /home/schmidt/www/lib/auswertung/view v_projekt.inc
2001.02.07 17:35 B x:\stasi\php_include\auswertung\view\v_projekt_ma.inc --> unstablemedia.com /home/schmidt/www/lib/auswertung/view v_projekt_ma.inc
2001.02.07 17:35 B x:\stasi\php_include\auswertung\view\v_projekt_ma_schritt.inc --> unstablemedia.com /home/schmidt/www/lib/auswertung/view v_projekt_ma_schritt.inc
2001.02.07 17:35 B x:\stasi\php_include\auswertung\view\v_projekt_schritt.inc --> unstablemedia.com /home/schmidt/www/lib/auswertung/view v_projekt_schritt.inc
2001.02.07 17:35 B x:\stasi\php_include\auswertung\view\v_projekt_schritt_ma.inc --> unstablemedia.com /home/schmidt/www/lib/auswertung/view v_projekt_schritt_ma.inc
2001.02.07 17:35 B x:\stasi\php_include\auswertung\view\WS_FTP.LOG --> unstablemedia.com /home/schmidt/www/lib/auswertung/view WS_FTP.LOG
2001.02.09 13:12 B x:\stasi\php_include\auswertung\view\v_projekt.inc --> unstablemedia.com /home/schmidt/www/lib/auswertung/view v_projekt.inc
2001.02.09 13:12 B x:\stasi\php_include\auswertung\view\v_projekt_ma.inc --> unstablemedia.com /home/schmidt/www/lib/auswertung/view v_projekt_ma.inc
2001.02.09 13:12 B x:\stasi\php_include\auswertung\view\v_projekt_ma_schritt.inc --> unstablemedia.com /home/schmidt/www/lib/auswertung/view v_projekt_ma_schritt.inc
2001.02.09 13:12 B x:\stasi\php_include\auswertung\view\v_projekt_schritt.inc --> unstablemedia.com /home/schmidt/www/lib/auswertung/view v_projekt_schritt.inc
2001.02.09 13:12 B x:\stasi\php_include\auswertung\view\v_projekt_schritt_ma.inc --> unstablemedia.com /home/schmidt/www/lib/auswertung/view v_projekt_schritt_ma.inc
2001.02.09 13:12 B x:\stasi\php_include\auswertung\view\v_schritt_detail.inc --> unstablemedia.com /home/schmidt/www/lib/auswertung/view v_schritt_detail.inc
2001.02.09 13:12 B x:\stasi\php_include\auswertung\view\WS_FTP.LOG --> unstablemedia.com /home/schmidt/www/lib/auswertung/view WS_FTP.LOG
2001.02.09 14:30 B x:\stasi\php_include\auswertung\view\v_schritt_detail.inc --> unstablemedia.com /home/schmidt/www/lib/auswertung/view v_schritt_detail.inc
2001.02.14 18:05 B x:\stasi\php_include\auswertung\view\v_stunden.inc --> unstablemedia.com /home/schmidt/www/lib/auswertung/view v_stunden.inc
2001.02.19 12:26 B x:\stasi\php_include\auswertung\view\v_projekt.inc --> unstablemedia.com /home/schmidt/www/lib/auswertung/view v_projekt.inc
2001.02.19 12:26 B x:\stasi\php_include\auswertung\view\v_projekt_ma.inc --> unstablemedia.com /home/schmidt/www/lib/auswertung/view v_projekt_ma.inc
2001.02.19 12:26 B x:\stasi\php_include\auswertung\view\v_projekt_ma_schritt.inc --> unstablemedia.com /home/schmidt/www/lib/auswertung/view v_projekt_ma_schritt.inc
2001.02.19 12:26 B x:\stasi\php_include\auswertung\view\v_projekt_schritt.inc --> unstablemedia.com /home/schmidt/www/lib/auswertung/view v_projekt_schritt.inc
2001.02.19 12:26 B x:\stasi\php_include\auswertung\view\v_projekt_schritt_ma.inc --> unstablemedia.com /home/schmidt/www/lib/auswertung/view v_projekt_schritt_ma.inc
2001.02.19 12:26 B x:\stasi\php_include\auswertung\view\v_schritt_detail.inc --> unstablemedia.com /home/schmidt/www/lib/auswertung/view v_schritt_detail.inc
2001.02.19 12:26 B x:\stasi\php_include\auswertung\view\v_stunden.inc --> unstablemedia.com /home/schmidt/www/lib/auswertung/view v_stunden.inc
2001.02.19 12:26 B x:\stasi\php_include\auswertung\view\WS_FTP.LOG --> unstablemedia.com /home/schmidt/www/lib/auswertung/view WS_FTP.LOG
